Arguments: 
  /usr/local/bin/node /usr/local/bin/yarnpkg install

PATH: 
  /Users/tmobile/opt/anaconda3/condabin:/usr/local/bin:/usr/bin:/bin:/usr/sbin:/sbin:/usr/local/go/bin:/opt/X11/bin:/Users/tmobile/dev/sdk/flutter/bin

Yarn version: 
  0.21.3

Node version: 
  14.17.1

Platform: 
  darwin x64

npm manifest: 
  {
    "main": "node_modules/expo/AppEntry.js",
    "scripts": {
      "start": "expo start",
      "android": "expo start --android",
      "ios": "expo start --ios",
      "web": "expo start --web",
      "eject": "expo eject"
    },
    "dependencies": {
      "expo": "~41.0.1",
      "expo-status-bar": "~1.0.4",
      "react": "16.13.1",
      "react-dom": "16.13.1",
      "react-native": "https://github.com/expo/react-native/archive/sdk-41.0.0.tar.gz",
      "react-native-web": "~0.13.12"
    },
    "devDependencies": {
      "@babel/core": "^7.9.0"
    },
    "private": true
  }

yarn manifest: 
  No manifest

Lockfile: 
  No lockfile

Trace: 
  Error: EACCES: permission denied, open '/Users/tmobile/Library/Caches/Yarn/npm-array-unique-0.3.2-a894b75d4bc4f6cd679ef3244a9fd8f46ae2d428/README.md'
